#
# A fatal error has been detected by the Java Runtime Environment:
#
#  SIGSEGV (0xb) at pc=0x00007fbaed05b17a, pid=8756, tid=140439937189632
#
# JRE version: OpenJDK Runtime Environment (7.0_91-b02) (build 1.7.0_91-b02)
# Java VM: OpenJDK 64-Bit Server VM (24.91-b01 mixed mode linux-amd64 compressed oops)
# Derivative: IcedTea 2.6.3
# Distribution: Ubuntu 14.04 LTS, package 7u91-2.6.3-0ubuntu0.14.04.1
# Problematic frame:
# v  ~BufferBlob::jni_fast_GetLongField
#
# Failed to write core dump. Core dumps have been disabled. To enable core dumping, try "ulimit -c unlimited" before starting Java again
#
# If you would like to submit a bug report, please include
# instructions on how to reproduce the bug and visit:
#   http://icedtea.classpath.org/bugzilla
# The crash happened outside the Java Virtual Machine in native code.
# See problematic frame for where to report the bug.
#

---------------  T H R E A D  ---------------

Current thread (0x00007fbaf023a000):  JavaThread "AWT-XAWT" daemon [_thread_in_native, id=8775, stack(0x00007fbab8818000,0x00007fbab8919000)]

siginfo:si_signo=SIGSEGV: si_errno=0, si_code=1 (SEGV_MAPERR), si_addr=0x0000000000000000

Registers:
RAX=0x00007fbaf832c140, RBX=0x00007fbaf023a1d8, RCX=0x00007fbaf87a3320, RDX=0x0000000000000042
RSP=0x00007fbab89177f8, RBP=0x00007fbab8917820, RSI=0x0000000000000000, RDI=0x00007fbaf023a1d8
R8 =0x0000000000000003, R9 =0x0000000000000000, R10=0x0000000000000062, R11=0x00007fbaf7dc7eb0
R12=0x00007fbaa0084c70, R13=0x0000000000000000, R14=0x00007fbaea12ad80, R15=0x00007fbaf023a000
RIP=0x00007fbaed05b17a, EFLAGS=0x0000000000010246, CSGSFS=0x0000000000000033, ERR=0x0000000000000004
  TRAPNO=0x000000000000000e

Top of Stack: (sp=0x00007fbab89177f8)
0x00007fbab89177f8:   00007fbae9efc744 00000000b808ac08
0x00007fbab8917808:   00007fbaa0084c70 00000000b808ac08
0x00007fbab8917818:   00007fbab8917908 0000000000000000
0x00007fbab8917828:   00007fbae99faae8 00000000b808ac08
0x00007fbab8917838:   00007fbab8917860 0000000000000000
0x00007fbab8917848:   00007fbae99f29a3 00000000b808ac08
0x00007fbab8917858:   00007fbae9ef122f 00007fbab89178d0
0x00007fbab8917868:   00007fbaed0127f8 00007fbaed006233
0x00007fbab8917878:   0000000000000000 00000000eb6d4d10
0x00007fbab8917888:   0000000000000000 00007fbab8917890
0x00007fbab8917898:   0000000000000000 00007fbab8917908
0x00007fbab89178a8:   00000000b8090d90 0000000000000000
0x00007fbab89178b8:   00000000b808ac08 0000000000000000
0x00007fbab89178c8:   00007fbab89178f0 00007fbab8917950
0x00007fbab89178d8:   00007fbaed006350 00000000eb6d58d8
0x00007fbab89178e8:   00007fbaed00ecc0 0000000000000000
0x00007fbab89178f8:   00007fbab8917950 00007fbaa8002dc0
0x00007fbab8917908:   00000000eb747d08 00007fbab8917910
0x00007fbab8917918:   00000000b80645a4 00007fbab8917998
0x00007fbab8917928:   00000000b8071280 00000000b871f978
0x00007fbab8917938:   00000000b8064738 00007fbab89178f0
0x00007fbab8917948:   00007fbab8917990 00007fbab89179e0
0x00007fbab8917958:   00007fbaed006058 0000000000000000
0x00007fbab8917968:   00000000eb7cc6a0 0000000000000000
0x00007fbab8917978:   0000000000000000 0000000000000000
0x00007fbab8917988:   00000000eb747d08 0000000000000000
0x00007fbab8917998:   00000000eb708168 00007fbab89179a0
0x00007fbab89179a8:   00000000b806439d 00007fbab89179f0
0x00007fbab89179b8:   00000000b8071280 0000000000000000
0x00007fbab89179c8:   00000000b80643b8 00007fbab8917990
0x00007fbab89179d8:   00007fbab89179f0 00007fbab8917a38
0x00007fbab89179e8:   00007fbaed006706 00000000eb708168 

Instructions: (pc=0x00007fbaed05b17a)
0x00007fbaed05b15a:   00 00 00 00 00 00 44 8b 15 3d b8 2f 0b 4c 8b ce
0x00007fbaed05b16a:   41 f6 c2 01 0f 85 2e 00 00 00 4d 33 ca 4d 33 ca
0x00007fbaed05b17a:   4d 8b 09 4c 8b da 49 c1 eb 02 4b 8b 04 19 49 bb
0x00007fbaed05b18a:   a4 69 35 f8 ba 7f 00 00 4c 33 d8 4c 33 d8 45 3b 

Register to memory mapping:

RAX=0x00007fbaf832c140: <offset 0xdca140> in /usr/lib/jvm/java-7-openjdk-amd64/jre/lib/amd64/server/libjvm.so at 0x00007fbaf7562000
RBX=0x00007fbaf023a1d8 is an unknown value
RCX=0x00007fbaf87a3320: <offset 0x219320> in /lib/x86_64-linux-gnu/libpthread.so.0 at 0x00007fbaf858a000
RDX=0x0000000000000042 is an unknown value
RSP=0x00007fbab89177f8 is pointing into the stack for thread: 0x00007fbaf023a000
RBP=0x00007fbab8917820 is pointing into the stack for thread: 0x00007fbaf023a000
RSI=0x0000000000000000 is an unknown value
RDI=0x00007fbaf023a1d8 is an unknown value
R8 =0x0000000000000003 is an unknown value
R9 =0x0000000000000000 is an unknown value
R10=0x0000000000000062 is an unknown value
R11=0x00007fbaf7dc7eb0: <offset 0x865eb0> in /usr/lib/jvm/java-7-openjdk-amd64/jre/lib/amd64/server/libjvm.so at 0x00007fbaf7562000
R12=0x00007fbaa0084c70 is an unknown value
R13=0x0000000000000000 is an unknown value
R14=0x00007fbaea12ad80: <offset 0x24ad80> in /usr/lib/jvm/java-7-openjdk-amd64/jre/lib/amd64/xawt/libmawt.so at 0x00007fbae9ee0000
R15=0x00007fbaf023a000 is a thread


Stack: [0x00007fbab8818000,0x00007fbab8919000],  sp=0x00007fbab89177f8,  free space=1021k
Native frames: (J=compiled Java code, j=interpreted, Vv=VM code, C=native code)
v  ~BufferBlob::jni_fast_GetLongField

Java frames: (J=compiled Java code, j=interpreted, Vv=VM code)
j  sun.awt.X11.XlibWrapper.XFilterEvent(JJ)Z+0
j  sun.awt.X11.XToolkit.run(Z)V+300
j  sun.awt.X11.XToolkit.run()V+5
j  java.lang.Thread.run()V+11
v  ~StubRoutines::call_stub

---------------  P R O C E S S  ---------------

Java Threads: ( => current thread )
  0x00007fbaf0008000 JavaThread "DestroyJavaVM" [_thread_blocked, id=8761, stack(0x00007fbaf907c000,0x00007fbaf917d000)]
  0x00007fbaf025c800 JavaThread "AWT-EventQueue-0" [_thread_blocked, id=8777, stack(0x00007fbab8616000,0x00007fbab8717000)]
  0x00007fbaf025b000 JavaThread "AWT-Shutdown" [_thread_blocked, id=8776, stack(0x00007fbab8717000,0x00007fbab8818000)]
=>0x00007fbaf023a000 JavaThread "AWT-XAWT" daemon [_thread_in_native, id=8775, stack(0x00007fbab8818000,0x00007fbab8919000)]
  0x00007fbaf021a000 JavaThread "Java2D Disposer" daemon [_thread_blocked, id=8774, stack(0x00007fbae80e0000,0x00007fbae81e1000)]
  0x00007fbaf00ac000 JavaThread "Service Thread" daemon [_thread_blocked, id=8772, stack(0x00007fbaf40d7000,0x00007fbaf41d8000)]
  0x00007fbaf00aa000 JavaThread "C2 CompilerThread1" daemon [_thread_blocked, id=8771, stack(0x00007fbaf41d8000,0x00007fbaf42d9000)]
  0x00007fbaf00a7000 JavaThread "C2 CompilerThread0" daemon [_thread_blocked, id=8770, stack(0x00007fbaf42d9000,0x00007fbaf43da000)]
  0x00007fbaf00a4800 JavaThread "Signal Dispatcher" daemon [_thread_blocked, id=8769, stack(0x00007fbaf43da000,0x00007fbaf44db000)]
  0x00007fbaf0079800 JavaThread "Finalizer" daemon [_thread_blocked, id=8768, stack(0x00007fbaf44db000,0x00007fbaf45dc000)]
  0x00007fbaf0077800 JavaThread "Reference Handler" daemon [_thread_blocked, id=8767, stack(0x00007fbaf45dc000,0x00007fbaf46dd000)]

Other Threads:
  0x00007fbaf0073000 VMThread [stack: 0x00007fbaf46dd000,0x00007fbaf47de000] [id=8766]
  0x00007fbaf00b6800 WatcherThread [stack: 0x00007fbaea3fd000,0x00007fbaea4fe000] [id=8773]

VM state:not at safepoint (normal execution)

VM Mutex/Monitor currently owned by a thread: None

Heap
 PSYoungGen      total 18944K, used 16313K [0x00000000eb600000, 0x00000000ecb00000, 0x0000000100000000)
  eden space 16384K, 99% used [0x00000000eb600000,0x00000000ec5ee500,0x00000000ec600000)
  from space 2560K, 0% used [0x00000000ec880000,0x00000000ec880000,0x00000000ecb00000)
  to   space 2560K, 0% used [0x00000000ec600000,0x00000000ec600000,0x00000000ec880000)
 ParOldGen       total 41984K, used 0K [0x00000000c2200000, 0x00000000c4b00000, 0x00000000eb600000)
  object space 41984K, 0% used [0x00000000c2200000,0x00000000c2200000,0x00000000c4b00000)
 PSPermGen       total 21504K, used 11402K [0x00000000b7c00000, 0x00000000b9100000, 0x00000000c2200000)
  object space 21504K, 53% used [0x00000000b7c00000,0x00000000b8722a30,0x00000000b9100000)

Card table byte_map: [0x00007fbaf61ee000,0x00007fbaf6431000] byte_map_base: 0x00007fbaf5c30000

Polling page: 0x00007fbaf919e000

Code Cache  [0x00007fbaed000000, 0x00007fbaed270000, 0x00007fbaf0000000)
 total_blobs=517 nmethods=51 adapters=421 free_code_cache=48501Kb largest_free_block=49638912

Compilation events (10 events):
Event: 877,222 Thread 0x00007fbaf00a7000   45             sun.util.logging.PlatformLogger::isLoggable (9 bytes)
Event: 877,223 Thread 0x00007fbaf00aa000   46             sun.util.logging.PlatformLogger$Level::valueOf (152 bytes)
Event: 877,224 Thread 0x00007fbaf00aa000 nmethod 46 0x00007fbaed0a1790 code [0x00007fbaed0a1900, 0x00007fbaed0a1ad8]
Event: 877,224 Thread 0x00007fbaf00aa000   47             sun.util.logging.PlatformLogger::isLoggable (38 bytes)
Event: 877,225 Thread 0x00007fbaf00aa000 nmethod 47 0x00007fbaed0a5a90 code [0x00007fbaed0a5be0, 0x00007fbaed0a5d38]
Event: 877,226 Thread 0x00007fbaf00a7000 nmethod 45 0x00007fbaed0a5290 code [0x00007fbaed0a5420, 0x00007fbaed0a5738]
Event: 1050,229 Thread 0x00007fbaf00aa000   48             sun.awt.X11.XToolkit::getDisplay (4 bytes)
Event: 1050,229 Thread 0x00007fbaf00aa000 nmethod 48 0x00007fbaed0a5090 code [0x00007fbaed0a51c0, 0x00007fbaed0a5218]
Event: 1633,834 Thread 0x00007fbaf00a7000   51             sun.awt.X11.Native::getInt (8 bytes)
Event: 1633,835 Thread 0x00007fbaf00a7000 nmethod 51 0x00007fbaed0a8fd0 code [0x00007fbaed0a9100, 0x00007fbaed0a9178]

GC Heap History (0 events):
No events

Deoptimization events (7 events):
Event: 0,300 Thread 0x00007fbaa0013800 Uncommon trap: reason=unstable_if action=reinterpret pc=0x00007fbaed07d618 method=sun.awt.image.PNGImageDecoder.update_crc(I[BII)I @ 7
Event: 0,336 Thread 0x00007fbaf025c800 Uncommon trap: reason=unstable_if action=reinterpret pc=0x00007fbaed074df4 method=sun.nio.cs.UTF_8$Encoder.encode([CII[B)I @ 33
Event: 0,478 Thread 0x00007fbaa0013800 Uncommon trap: reason=unstable_if action=reinterpret pc=0x00007fbaed085cc8 method=sun.awt.image.PNGImageDecoder.produceImage()V @ 867
Event: 0,486 Thread 0x00007fbaa0013800 Uncommon trap: reason=unstable_if action=reinterpret pc=0x00007fbaed089b0c method=sun.awt.image.ImageRepresentation.getOpaqueRGBImage()Ljava/awt/image/BufferedImage; @ 57
Event: 26,827 Thread 0x00007fbaf025c800 Uncommon trap: reason=class_check action=maybe_recompile pc=0x00007fbaed08a694 method=java.lang.String.equals(Ljava/lang/Object;)Z @ 8
Event: 26,827 Thread 0x00007fbaf025c800 Uncommon trap: reason=class_check action=maybe_recompile pc=0x00007fbaed08a694 method=java.lang.String.equals(Ljava/lang/Object;)Z @ 8
Event: 26,827 Thread 0x00007fbaf025c800 Uncommon trap: reason=class_check action=maybe_recompile pc=0x00007fbaed08a694 method=java.lang.String.equals(Ljava/lang/Object;)Z @ 8

Internal exceptions (10 events):
Event: 0,377 Thread 0x00007fbaf025c800 Threw 0x00000000eb924e40 at /build/openjdk-7-zaTxYK/openjdk-7-7u91-2.6.3/build/openjdk/hotspot/src/share/vm/prims/jvm.cpp:1322
Event: 0,378 Thread 0x00007fbaf025c800 Threw 0x00000000eb927338 at /build/openjdk-7-zaTxYK/openjdk-7-7u91-2.6.3/build/openjdk/hotspot/src/share/vm/prims/jvm.cpp:1322
Event: 0,378 Thread 0x00007fbaf025c800 Threw 0x00000000eb929810 at /build/openjdk-7-zaTxYK/openjdk-7-7u91-2.6.3/build/openjdk/hotspot/src/share/vm/prims/jvm.cpp:1322
Event: 0,382 Thread 0x00007fbaf025c800 Threw 0x00000000eb92bca8 at /build/openjdk-7-zaTxYK/openjdk-7-7u91-2.6.3/build/openjdk/hotspot/src/share/vm/prims/jvm.cpp:1322
Event: 0,383 Thread 0x00007fbaf025c800 Threw 0x00000000eb92e260 at /build/openjdk-7-zaTxYK/openjdk-7-7u91-2.6.3/build/openjdk/hotspot/src/share/vm/prims/jvm.cpp:1322
Event: 0,384 Thread 0x00007fbaf025c800 Threw 0x00000000eb9306f8 at /build/openjdk-7-zaTxYK/openjdk-7-7u91-2.6.3/build/openjdk/hotspot/src/share/vm/prims/jvm.cpp:1322
Event: 0,387 Thread 0x00007fbaf025c800 Threw 0x00000000eb932c30 at /build/openjdk-7-zaTxYK/openjdk-7-7u91-2.6.3/build/openjdk/hotspot/src/share/vm/prims/jvm.cpp:1322
Event: 0,387 Thread 0x00007fbaf025c800 Threw 0x00000000eb9351e0 at /build/openjdk-7-zaTxYK/openjdk-7-7u91-2.6.3/build/openjdk/hotspot/src/share/vm/prims/jvm.cpp:1322
Event: 0,684 Thread 0x00007fbaf025c800 Threw 0x00000000ec40c690 at /build/openjdk-7-zaTxYK/openjdk-7-7u91-2.6.3/build/openjdk/hotspot/src/share/vm/prims/jni.cpp:747
Event: 25,500 Thread 0x00007fbaf025c800 Threw 0x00000000ec43ab38 at /build/openjdk-7-zaTxYK/openjdk-7-7u91-2.6.3/build/openjdk/hotspot/src/share/vm/prims/jni.cpp:747

Events (10 events):
Event: 26,857 Executing VM operation: RevokeBias done
Event: 26,860 Executing VM operation: RevokeBias
Event: 26,860 Executing VM operation: RevokeBias done
Event: 27,857 Thread 0x00007fbaf0008000 Thread exited: 0x00007fbaf0008000
Event: 27,857 Thread 0x00007fbaf0008000 Thread added: 0x00007fbaf0008000
Event: 30,298 Executing VM operation: RevokeBias
Event: 30,298 Executing VM operation: RevokeBias done
Event: 30,298 Thread 0x00007fbaf021d800 Thread exited: 0x00007fbaf021d800
Event: 1697,678 loading class 0x00007fbaf0166e60
Event: 1697,678 loading class 0x00007fbaf0166e60 done


Dynamic libraries:
00400000-00401000 r-xp 00000000 08:05 3165779                            /usr/lib/jvm/java-7-openjdk-amd64/jre/bin/java
00600000-00601000 r--p 00000000 08:05 3165779                            /usr/lib/jvm/java-7-openjdk-amd64/jre/bin/java
00601000-00602000 rw-p 00001000 08:05 3165779                            /usr/lib/jvm/java-7-openjdk-amd64/jre/bin/java
01144000-01165000 rw-p 00000000 00:00 0                                  [heap]
b7c00000-b9100000 rw-p 00000000 00:00 0 
b9100000-c2200000 rw-p 00000000 00:00 0 
c2200000-c4b00000 rw-p 00000000 00:00 0 
c4b00000-eb600000 rw-p 00000000 00:00 0 
eb600000-ecb00000 rw-p 00000000 00:00 0 
ecb00000-100000000 rw-p 00000000 00:00 0 
7fba9f56f000-7fba9fba9000 rw-s 00000000 00:04 15270004                   /SYSV00000000 (deleted)
7fba9fdaa000-7fba9fdfc000 r-xp 00000000 08:05 3165818                    /usr/lib/jvm/java-7-openjdk-amd64/jre/lib/amd64/libfontmanager.so
7fba9fdfc000-7fba9fffc000 ---p 00052000 08:05 3165818                    /usr/lib/jvm/java-7-openjdk-amd64/jre/lib/amd64/libfontmanager.so
7fba9fffc000-7fba9ffff000 r--p 00052000 08:05 3165818                    /usr/lib/jvm/java-7-openjdk-amd64/jre/lib/amd64/libfontmanager.so
7fba9ffff000-7fbaa0000000 rw-p 00055000 08:05 3165818                    /usr/lib/jvm/java-7-openjdk-amd64/jre/lib/amd64/libfontmanager.so
7fbaa0000000-7fbaa009b000 rw-p 00000000 00:00 0 
7fbaa009b000-7fbaa4000000 ---p 00000000 00:00 0 
7fbaa4000000-7fbaa4073000 rw-p 00000000 00:00 0 
7fbaa4073000-7fbaa8000000 ---p 00000000 00:00 0 
7fbaa8000000-7fbaa8021000 rw-p 00000000 00:00 0 
7fbaa8021000-7fbaac000000 ---p 00000000 00:00 0 
7fbaac000000-7fbaac021000 rw-p 00000000 00:00 0 
7fbaac021000-7fbab0000000 ---p 00000000 00:00 0 
7fbab0000000-7fbab0021000 rw-p 00000000 00:00 0 
7fbab0021000-7fbab4000000 ---p 00000000 00:00 0 
7fbab4000000-7fbab4021000 rw-p 00000000 00:00 0 
7fbab4021000-7fbab8000000 ---p 00000000 00:00 0 
7fbab80eb000-7fbab8102000 r-xp 00000000 08:05 3165842                    /usr/lib/jvm/java-7-openjdk-amd64/jre/lib/amd64/libnet.so
7fbab8102000-7fbab8301000 ---p 00017000 08:05 3165842                    /usr/lib/jvm/java-7-openjdk-amd64/jre/lib/amd64/libnet.so
7fbab8301000-7fbab8302000 r--p 00016000 08:05 3165842                    /usr/lib/jvm/java-7-openjdk-amd64/jre/lib/amd64/libnet.so
7fbab8302000-7fbab8303000 rw-p 00017000 08:05 3165842                    /usr/lib/jvm/java-7-openjdk-amd64/jre/lib/amd64/libnet.so
7fbab8303000-7fbab8313000 r-xp 00000000 08:05 3165809                    /usr/lib/jvm/java-7-openjdk-amd64/jre/lib/amd64/libnio.so
7fbab8313000-7fbab8513000 ---p 00010000 08:05 3165809                    /usr/lib/jvm/java-7-openjdk-amd64/jre/lib/amd64/libnio.so
7fbab8513000-7fbab8514000 r--p 00010000 08:05 3165809                    /usr/lib/jvm/java-7-openjdk-amd64/jre/lib/amd64/libnio.so
7fbab8514000-7fbab8515000 rw-p 00011000 08:05 3165809                    /usr/lib/jvm/java-7-openjdk-amd64/jre/lib/amd64/libnio.so
7fbab8515000-7fbab8518000 ---p 00000000 00:00 0 
7fbab8518000-7fbab8616000 rw-p 00000000 00:00 0 
7fbab8616000-7fbab8619000 ---p 00000000 00:00 0 
7fbab8619000-7fbab8717000 rw-p 00000000 00:00 0                          [stack:8777]
7fbab8717000-7fbab871a000 ---p 00000000 00:00 0 
7fbab871a000-7fbab8818000 rw-p 00000000 00:00 0                          [stack:8776]
7fbab8818000-7fbab881b000 ---p 00000000 00:00 0 
7fbab881b000-7fbab8919000 rw-p 00000000 00:00 0                          [stack:8775]
7fbab8919000-7fbab891e000 r-xp 00000000 08:05 3145941                    /usr/lib/x86_64-linux-gnu/libXfixes.so.3.1.0
7fbab891e000-7fbab8b1d000 ---p 00005000 08:05 3145941                    /usr/lib/x86_64-linux-gnu/libXfixes.so.3.1.0
7fbab8b1d000-7fbab8b1e000 r--p 00004000 08:05 3145941                    /usr/lib/x86_64-linux-gnu/libXfixes.so.3.1.0
7fbab8b1e000-7fbab8b1f000 rw-p 00005000 08:05 3145941                    /usr/lib/x86_64-linux-gnu/libXfixes.so.3.1.0
7fbab8b1f000-7fbab8b28000 r-xp 00000000 08:05 3154022                    /usr/lib/x86_64-linux-gnu/libXcursor.so.1.0.2
7fbab8b28000-7fbab8d27000 ---p 00009000 08:05 3154022                    /usr/lib/x86_64-linux-gnu/libXcursor.so.1.0.2
7fbab8d27000-7fbab8d28000 r--p 00008000 08:05 3154022                    /usr/lib/x86_64-linux-gnu/libXcursor.so.1.0.2
7fbab8d28000-7fbab8d29000 rw-p 00009000 08:05 3154022                    /usr/lib/x86_64-linux-gnu/libXcursor.so.1.0.2
7fbab8d29000-7fbab8d2d000 r-xp 00000000 08:05 528354                     /lib/x86_64-linux-gnu/libgpg-error.so.0.10.0
7fbab8d2d000-7fbab8f2c000 ---p 00004000 08:05 528354                     /lib/x86_64-linux-gnu/libgpg-error.so.0.10.0
7fbab8f2c000-7fbab8f2d000 r--p 00003000 08:05 528354                     /lib/x86_64-linux-gnu/libgpg-error.so.0.10.0
7fbab8f2d000-7fbab8f2e000 rw-p 00004000 08:05 528354                     /lib/x86_64-linux-gnu/libgpg-error.so.0.10.0
7fbab8f2e000-7fbab8f30000 r-xp 00000000 08:05 528364                     /lib/x86_64-linux-gnu/libkeyutils.so.1.4
7fbab8f30000-7fbab9130000 ---p 00002000 08:05 528364                     /lib/x86_64-linux-gnu/libkeyutils.so.1.4
7fbab9130000-7fbab9131000 r--p 00002000 08:05 528364                     /lib/x86_64-linux-gnu/libkeyutils.so.1.4
7fbab9131000-7fbab9132000 rw-p 00003000 08:05 528364                     /lib/x86_64-linux-gnu/libkeyutils.so.1.4
7fbab9132000-7fbab916f000 r-xp 00000000 08:05 528339                     /lib/x86_64-linux-gnu/libpcre.so.3.13.1
7fbab916f000-7fbab936e000 ---p 0003d000 08:05 528339                     /lib/x86_64-linux-gnu/libpcre.so.3.13.1
7fbab936e000-7fbab936f000 r--p 0003c000 08:05 528339                     /lib/x86_64-linux-gnu/libpcre.so.3.13.1
7fbab936f000-7fbab9370000 rw-p 0003d000 08:05 528339                     /lib/x86_64-linux-gnu/libpcre.so.3.13.1
7fbab9370000-7fbab9395000 r-xp 00000000 08:05 524593                     /lib/x86_64-linux-gnu/libpng12.so.0.50.0
7fbab9395000-7fbab9594000 ---p 00025000 08:05 524593                     /lib/x86_64-linux-gnu/libpng12.so.0.50.0
7fbab9594000-7fbab9595000 r--p 00024000 08:05 524593                     /lib/x86_64-linux-gnu/libpng12.so.0.50.0
7fbab9595000-7fbab9596000 rw-p 00025000 08:05 524593                     /lib/x86_64-linux-gnu/libpng12.so.0.50.0
7fbab9596000-7fbab95da000 r-xp 00000000 08:05 528375                     /lib/x86_64-linux-gnu/libdbus-1.so.3.7.6
7fbab95da000-7fbab97d9000 ---p 00044000 08:05 528375                     /lib/x86_64-linux-gnu/libdbus-1.so.3.7.6
7fbab97d9000-7fbab97da000 r--p 00043000 08:05 528375                     /lib/x86_64-linux-gnu/libdbus-1.so.3.7.6
7fbab97da000-7fbab97db000 rw-p 00044000 08:05 528375                     /lib/x86_64-linux-gnu/libdbus-1.so.3.7.6
7fbab97db000-7fbab9816000 r-xp 00000000 08:05 3154742                    /usr/lib/x86_64-linux-gnu/libp11-kit.so.0.0.0
7fbab9816000-7fbab9a15000 ---p 0003b000 08:05 3154742                    /usr/lib/x86_64-linux-gnu/libp11-kit.so.0.0.0
7fbab9a15000-7fbab9a1b000 r--p 0003a000 08:05 3154742                    /usr/lib/x86_64-linux-gnu/libp11-kit.so.0.0.0
7fbab9a1b000-7fbab9a1d000 rw-p 00040000 08:05 3154742                    /usr/lib/x86_64-linux-gnu/libp11-kit.so.0.0.0
7fbab9a1d000-7fbab9a2f000 r-xp 00000000 08:05 3146144                    /usr/lib/x86_64-linux-gnu/libtasn1.so.6.2.0
7fbab9a2f000-7fbab9c2f000 ---p 00012000 08:05 3146144                    /usr/lib/x86_64-linux-gnu/libtasn1.so.6.2.0
7fbab9c2f000-7fbab9c30000 r--p 00012000 08:05 3146144                    /usr/lib/x86_64-linux-gnu/libtasn1.so.6.2.0
7fbab9c30000-7fbab9c31000 rw-p 00013000 08:05 3146144                    /usr/lib/x86_64-linux-gnu/libtasn1.so.6.2.0
7fbab9c31000-7fbab9cad000 r-xp 00000000 08:05 528372                     /lib/x86_64-linux-gnu/libgcrypt.so.11.8.2
7fbab9cad000-7fbab9ead000 ---p 0007c000 08:05 528372                     /lib/x86_64-linux-gnu/libgcrypt.so.11.8.2
7fbab9ead000-7fbab9eae000 r--p 0007c000 08:05 528372                     /lib/x86_64-linux-gnu/libgcrypt.so.11.8.2
7fbab9eae000-7fbab9eb1000 rw-p 0007d000 08:05 528372                     /lib/x86_64-linux-gnu/libgcrypt.so.11.8.2
7fbab9eb1000-7fbab9ebb000 r-xp 00000000 08:05 3149491                    /usr/lib/x86_64-linux-gnu/libkrb5support.so.0.1
7fbab9ebb000-7fbaba0ba000 ---p 0000a000 08:05 3149491                    /usr/lib/x86_64-linux-gnu/libkrb5support.so.0.1
7fbaba0ba000-7fbaba0bb000 r--p 00009000 08:05 3149491                    /usr/lib/x86_64-linux-gnu/libkrb5support.so.0.1
7fbaba0bb000-7fbaba0bc000 rw-p 0000a000 08:05 3149491                    /usr/lib/x86_64-linux-gnu/libkrb5support.so.0.1
7fbaba0bc000-7fbaba0bf000 r-xp 00000000 08:05 528253                     /lib/x86_64-linux-gnu/libcom_err.so.2.1
7fbaba0bf000-7fbaba2be000 ---p 00003000 08:05 528253                     /lib/x86_64-linux-gnu/libcom_err.so.2.1
7fbaba2be000-7fbaba2bf000 r--p 00002000 08:05 528253                     /lib/x86_64-linux-gnu/libcom_err.so.2.1
7fbaba2bf000-7fbaba2c0000 rw-p 00003000 08:05 528253                     /lib/x86_64-linux-gnu/libcom_err.so.2.1
7fbaba2c0000-7fbaba2ec000 r-xp 00000000 08:05 3154670                    /usr/lib/x86_64-linux-gnu/libk5crypto.so.3.1
7fbaba2ec000-7fbaba4eb000 ---p 0002c000 08:05 3154670                    /usr/lib/x86_64-linux-gnu/libk5crypto.so.3.1
7fbaba4eb000-7fbaba4ed000 r--p 0002b000 08:05 3154670                    /usr/lib/x86_64-linux-gnu/libk5crypto.so.3.1
7fbaba4ed000-7fbaba4ee000 rw-p 0002d000 08:05 3154670                    /usr/lib/x86_64-linux-gnu/libk5crypto.so.3.1
7fbaba4ee000-7fbaba4ef000 rw-p 00000000 00:00 0 
7fbaba4ef000-7fbaba5ab000 r-xp 00000000 08:05 3149489                    /usr/lib/x86_64-linux-gnu/libkrb5.so.3.3
7fbaba5ab000-7fbaba7ab000 ---p 000bc000 08:05 3149489                    /usr/lib/x86_64-linux-gnu/libkrb5.so.3.3
7fbaba7ab000-7fbaba7b8000 r--p 000bc000 08:05 3149489                    /usr/lib/x86_64-linux-gnu/libkrb5.so.3.3
7fbaba7b8000-7fbaba7ba000 rw-p 000c9000 08:05 3149489                    /usr/lib/x86_64-linux-gnu/libkrb5.so.3.3
7fbaba7ba000-7fbaba7bf000 r-xp 00000000 08:05 3154026                    /usr/lib/x86_64-linux-gnu/libXdmcp.so.6.0.0
7fbaba7bf000-7fbaba9be000 ---p 00005000 08:05 3154026                    /usr/lib/x86_64-linux-gnu/libXdmcp.so.6.0.0
7fbaba9be000-7fbaba9bf000 r--p 00004000 08:05 3154026                    /usr/lib/x86_64-linux-gnu/libXdmcp.so.6.0.0
7fbaba9bf000-7fbaba9c0000 rw-p 00005000 08:05 3154026                    /usr/lib/x86_64-linux-gnu/libXdmcp.so.6.0.0
7fbaba9c0000-7fbaba9c2000 r-xp 00000000 08:05 3154015                    /usr/lib/x86_64-linux-gnu/libXau.so.6.0.0
7fbaba9c2000-7fbababc2000 ---p 00002000 08:05 3154015                    /usr/lib/x86_64-linux-gnu/libXau.so.6.0.0
7fbababc2000-7fbababc3000 r--p 00002000 08:05 3154015                    /usr/lib/x86_64-linux-gnu/libXau.so.6.0.0
7fbababc3000-7fbababc4000 rw-p 00003000 08:05 3154015                    /usr/lib/x86_64-linux-gnu/libXau.so.6.0.0
7fbababc4000-7fbababcb000 r-xp 00000000 08:05 3147787                    /usr/lib/x86_64-linux-gnu/libffi.so.6.0.1
7fbababcb000-7fbabadca000 ---p 00007000 08:05 3147787                    /usr/lib/x86_64-linux-gnu/libffi.so.6.0.1
7fbabadca000-7fbabadcb000 r--p 00006000 08:05 3147787                    /usr/lib/x86_64-linux-gnu/libffi.so.6.0.1
7fbabadcb000-7fbabadcc000 rw-p 00007000 08:05 3147787                    /usr/lib/x86_64-linux-gnu/libffi.so.6.0.1
7fbabadcc000-7fbabade3000 r-xp 00000000 08:05 524293                     /lib/x86_64-linux-gnu/libresolv-2.19.so
7fbabade3000-7fbabafe3000 ---p 00017000 08:05 524293                     /lib/x86_64-linux-gnu/libresolv-2.19.so
7fbabafe3000-7fbabafe4000 r--p 00017000 08:05 524293                     /lib/x86_64-linux-gnu/libresolv-2.19.so
7fbabafe4000-7fbabafe5000 rw-p 00018000 08:05 524293                     /lib/x86_64-linux-gnu/libresolv-2.19.so
7fbabafe5000-7fbabafe7000 rw-p 00000000 00:00 0 
7fbabafe7000-7fbabb007000 r-xp 00000000 08:05 528451                     /lib/x86_64-linux-gnu/libselinux.so.1
7fbabb007000-7fbabb206000 ---p 00020000 08:05 528451                     /lib/x86_64-linux-gnu/libselinux.so.1
7fbabb206000-7fbabb207000 r--p 0001f000 08:05 528451                     /lib/x86_64-linux-gnu/libselinux.so.1
7fbabb207000-7fbabb208000 rw-p 00020000 08:05 528451                     /lib/x86_64-linux-gnu/libselinux.so.1
7fbabb208000-7fbabb20a000 rw-p 00000000 00:00 0 
7fbabb20a000-7fbabb310000 r-xp 00000000 08:05 528266                     /lib/x86_64-linux-gnu/libglib-2.0.so.0.4002.0
7fbabb310000-7fbabb50f000 ---p 00106000 08:05 528266                     /lib/x86_64-linux-gnu/libglib-2.0.so.0.4002.0
7fbabb50f000-7fbabb510000 r--p 00105000 08:05 528266                     /lib/x86_64-linux-gnu/libglib-2.0.so.0.4002.0
7fbabb510000-7fbabb511000 rw-p 00106000 08:05 528266                     /lib/x86_64-linux-gnu/libglib-2.0.so.0.4002.0
7fbabb511000-7fbabb512000 rw-p 00000000 00:00 0 
7fbabb512000-7fbabb515000 r-xp 00000000 08:05 3150816                    /usr/lib/x86_64-linux-gnu/libgmodule-2.0.so.0.4002.0
7fbabb515000-7fbabb714000 ---p 00003000 08:05 3150816                    /usr/lib/x86_64-linux-gnu/libgmodule-2.0.so.0.4002.0
7fbabb714000-7fbabb715000 r--p 00002000 08:05 3150816                    /usr/lib/x86_64-linux-gnu/libgmodule-2.0.so.0.4002.0
7fbabb715000-7fbabb716000 rw-p 00003000 08:05 3150816                    /usr/lib/x86_64-linux-gnu/libgmodule-2.0.so.0.4002.0
7fbabb716000-7fbabb73d000 r-xp 00000000 08:05 528338                     /lib/x86_64-linux-gnu/libexpat.so.1.6.0
7fbabb73d000-7fbabb93d000 ---p 00027000 08:05 528338                     /lib/x86_64-linux-gnu/libexpat.so.1.6.0
7fbabb93d000-7fbabb93f000 r--p 00027000 08:05 528338                     /lib/x86_64-linux-gnu/libexpat.so.1.6.0
7fbabb93f000-7fbabb940000 rw-p 00029000 08:05 528338                     /lib/x86_64-linux-gnu/libexpat.so.1.6.0
7fbabb940000-7fbabb9dd000 r-xp 00000000 08:05 3160387                    /usr/lib/x86_64-linux-gnu/libfreetype.so.6.11.1
7fbabb9dd000-7fbabbbdc000 ---p 0009d000 08:05 3160387                    /usr/lib/x86_64-linux-gnu/libfreetype.so.6.11.1
7fbabbbdc000-7fbabbbe2000 r--p 0009c000 08:05 3160387                    /usr/lib/x86_64-linux-gnu/libfreetype.so.6.11.1
7fbabbbe2000-7fbabbbe3000 rw-p 000a2000 08:05 3160387                    /usr/lib/x86_64-linux-gnu/libfreetype.so.6.11.1
7fbabbbe3000-7fbabbbf2000 r-xp 00000000 08:05 3154119                    /usr/lib/x86_64-linux-gnu/libavahi-client.so.3.2.9
7fbabbbf2000-7fbabbdf2000 ---p 0000f000 08:05 3154119                    /usr/lib/x86_64-linux-gnu/libavahi-client.so.3.2.9
7fbabbdf2000-7fbabbdf3000 r--p 0000f000 08:05 3154119                    /usr/lib/x86_64-linux-gnu/libavahi-client.so.3.2.9
7fbabbdf3000-7fbabbdf4000 rw-p 00010000 08:05 3154119                    /usr/lib/x86_64-linux-gnu/libavahi-client.so.3.2.9
7fbabbdf4000-7fbabbdff000 r-xp 00000000 08:05 3154121                    /usr/lib/x86_64-linux-gnu/libavahi-common.so.3.5.3
7fbabbdff000-7fbabbffe000 ---p 0000b000 08:05 3154121                    /usr/lib/x86_64-linux-gnu/libavahi-common.so.3.5.3
7fbabbffe000-7fbabbfff000 r--p 0000a000 08:05 3154121                    /usr/lib/x86_64-linux-gnu/libavahi-common.so.3.5.3
7fbabbfff000-7fbabc000000 rw-p 0000b000 08:05 3154121                    /usr/lib/x86_64-linux-gnu/libavahi-common.so.3.5.3
7fbabc000000-7fbabc50f000 rw-p 00000000 00:00 0 
7fbabc50f000-7fbac0000000 ---p 00000000 00:00 0 
7fbac0000000-7fbac0021000 rw-p 00000000 00:00 0 
7fbac0021000-7fbac4000000 ---p 00000000 00:00 0 
7fbac4000000-7fbac4021000 rw-p 00000000 00:00 0 
7fbac4021000-7fbac8000000 ---p 00000000 00:00 0 
7fbac8000000-7fbac843e000 rw-p 00000000 00:00 0 
7fbac843e000-7fbacc000000 ---p 00000000 00:00 0 
7fbacc000000-7fbacc021000 rw-p 00000000 00:00 0 
7fbacc021000-7fbad0000000 ---p 00000000 00:00 0 
7fbad0000000-7fbad0021000 rw-p 00000000 00:00 0 
7fbad0021000-7fbad4000000 ---p 00000000 00:00 0 
7fbad4000000-7fbad4021000 rw-p 00000000 00:00 0 
7fbad4021000-7fbad8000000 ---p 00000000 00:00 0 
7fbad8000000-7fbad8021000 rw-p 00000000 00:00 0 
7fbad8021000-7fbadc000000 ---p 00000000 00:00 0 
7fbadc000000-7fbadc021000 rw-p 00000000 00:00 0 
7fbadc021000-7fbae0000000 ---p 00000000 00:00 0 
7fbae0000000-7fbae0021000 rw-p 00000000 00:00 0 
7fbae0021000-7fbae4000000 ---p 00000000 00:00 0 
7fbae4000000-7fbae4021000 rw-p 00000000 00:00 0 
7fbae4021000-7fbae8000000 ---p 00000000 00:00 0 
7fbae80e0000-7fbae80e3000 ---p 00000000 00:00 0 
7fbae80e3000-7fbae81e1000 rw-p 00000000 00:00 0                          [stack:8774]
7fbae81e1000-7fbae8297000 r-xp 00000000 08:05 3146857                    /usr/lib/x86_64-linux-gnu/libgnutls.so.26.22.6
7fbae8297000-7fbae8497000 ---p 000b6000 08:05 3146857                    /usr/lib/x86_64-linux-gnu/libgnutls.so.26.22.6
7fbae8497000-7fbae849d000 r--p 000b6000 08:05 3146857                    /usr/lib/x86_64-linux-gnu/libgnutls.so.26.22.6
7fbae849d000-7fbae849e000 rw-p 000bc000 08:05 3146857                    /usr/lib/x86_64-linux-gnu/libgnutls.so.26.22.6
7fbae849e000-7fbae849f000 rw-p 00000000 00:00 0 
7fbae849f000-7fbae84e3000 r-xp 00000000 08:05 3149487                    /usr/lib/x86_64-linux-gnu/libgssapi_krb5.so.2.2
7fbae84e3000-7fbae86e3000 ---p 00044000 08:05 3149487                    /usr/lib/x86_64-linux-gnu/libgssapi_krb5.so.2.2
7fbae86e3000-7fbae86e4000 r--p 00044000 08:05 3149487                    /usr/lib/x86_64-linux-gnu/libgssapi_krb5.so.2.2
7fbae86e4000-7fbae86e6000 rw-p 00045000 08:05 3149487                    /usr/lib/x86_64-linux-gnu/libgssapi_krb5.so.2.2
7fbae86e6000-7fbae8703000 r-xp 00000000 08:05 3155085                    /usr/lib/x86_64-linux-gnu/libxcb.so.1.1.0
7fbae8703000-7fbae8903000 ---p 0001d000 08:05 3155085                    /usr/lib/x86_64-linux-gnu/libxcb.so.1.1.0
7fbae8903000-7fbae8904000 r--p 0001d000 08:05 3155085                    /usr/lib/x86_64-linux-gnu/libxcb.so.1.1.0
7fbae8904000-7fbae8905000 rw-p 0001e000 08:05 3155085                    /usr/lib/x86_64-linux-gnu/libxcb.so.1.1.0
7fbae8905000-7fbae8954000 r-xp 00000000 08:05 3150817                    /usr/lib/x86_64-linux-gnu/libgobject-2.0.so.0.4002.0
7fbae8954000-7fbae8b54000 ---p 0004f000 08:05 3150817                    /usr/lib/x86_64-linux-gnu/libgobject-2.0.so.0.4002.0
7fbae8b54000-7fbae8b55000 r--p 0004f000 08:05 3150817                    /usr/lib/x86_64-linux-gnu/libgobject-2.0.so.0.4002.0
7fbae8b55000-7fbae8b56000 rw-p 00050000 08:05 3150817                    /usr/lib/x86_64-linux-gnu/libgobject-2.0.so.0.4002.0
7fbae8b56000-7fbae8cc2000 r-xp 00000000 08:05 3150819                    /usr/lib/x86_64-linux-gnu/libgio-2.0.so.0.4002.0
7fbae8cc2000-7fbae8ec1000 ---p 0016c000 08:05 3150819                    /usr/lib/x86_64-linux-gnu/libgio-2.0.so.0.4002.0
7fbae8ec1000-7fbae8ec5000 r--p 0016b000 08:05 3150819                    /usr/lib/x86_64-linux-gnu/libgio-2.0.so.0.4002.0
7fbae8ec5000-7fbae8ec7000 rw-p 0016f000 08:05 3150819                    /usr/lib/x86_64-linux-gnu/libgio-2.0.so.0.4002.0
7fbae8ec7000-7fbae8ec9000 rw-p 00000000 00:00 0 
7fbae8ec9000-7fbae8f03000 r-xp 00000000 08:05 3154307                    /usr/lib/x86_64-linux-gnu/libfontconfig.so.1.8.0
7fbae8f03000-7fbae9102000 ---p 0003a000 08:05 3154307                    /usr/lib/x86_64-linux-gnu/libfontconfig.so.1.8.0
7fbae9102000-7fbae9104000 r--p 00039000 08:05 3154307                    /usr/lib/x86_64-linux-gnu/libfontconfig.so.1.8.0
7fbae9104000-7fbae9105000 rw-p 0003b000 08:05 3154307                    /usr/lib/x86_64-linux-gnu/libfontconfig.so.1.8.0
7fbae9105000-7fbae9171000 r-xp 00000000 08:05 3146397                    /usr/lib/x86_64-linux-gnu/libcups.so.2
7fbae9171000-7fbae9371000 ---p 0006c000 08:05 3146397                    /usr/lib/x86_64-linux-gnu/libcups.so.2
7fbae9371000-7fbae9378000 r--p 0006c000 08:05 3146397                    /usr/lib/x86_64-linux-gnu/libcups.so.2
7fbae9378000-7fbae9379000 rw-p 00073000 08:05 3146397                    /usr/lib/x86_64-linux-gnu/libcups.so.2
7fbae9379000-7fbae9388000 r-xp 00000000 08:05 3145914                    /usr/lib/x86_64-linux-gnu/libXi.so.6.1.0
7fbae9388000-7fbae9587000 ---p 0000f000 08:05 3145914                    /usr/lib/x86_64-linux-gnu/libXi.so.6.1.0
7fbae9587000-7fbae9588000 r--p 0000e000 08:05 3145914                    /usr/lib/x86_64-linux-gnu/libXi.so.6.1.0
7fbae9588000-7fbae9589000 rw-p 0000f000 08:05 3145914                    /usr/lib/x86_64-linux-gnu/libXi.so.6.1.0
7fbae9589000-7fbae958e000 r-xp 00000000 08:05 3154056                    /usr/lib/x86_64-linux-gnu/libXtst.so.6.1.0
7fbae958e000-7fbae978d000 ---p 00005000 08:05 3154056                    /usr/lib/x86_64-linux-gnu/libXtst.so.6.1.0
7fbae978d000-7fbae978e000 r--p 00004000 08:05 3154056                    /usr/lib/x86_64-linux-gnu/libXtst.so.6.1.0
7fbae978e000-7fbae978f000 rw-p 00005000 08:05 3154056                    /usr/lib/x86_64-linux-gnu/libXtst.so.6.1.0
7fbae978f000-7fbae9798000 r-xp 00000000 08:05 3149480                    /usr/lib/x86_64-linux-gnu/libXrender.so.1.3.0
7fbae9798000-7fbae9997000 ---p 00009000 08:05 3149480                    /usr/lib/x86_64-linux-gnu/libXrender.so.1.3.0
7fbae9997000-7fbae9998000 r--p 00008000 08:05 3149480                    /usr/lib/x86_64-linux-gnu/libXrender.so.1.3.0
7fbae9998000-7fbae9999000 rw-p 00009000 08:05 3149480                    /usr/lib/x86_64-linux-gnu/libXrender.so.1.3.0
7fbae9999000-7fbae9ac9000 r-xp 00000000 08:05 3154011                    /usr/lib/x86_64-linux-gnu/libX11.so.6.3.0
7fbae9ac9000-7fbae9cc9000 ---p 00130000 08:05 3154011                    /usr/lib/x86_64-linux-gnu/libX11.so.6.3.0
7fbae9cc9000-7fbae9cca000 r--p 00130000 08:05 3154011                    /usr/lib/x86_64-linux-gnu/libX11.so.6.3.0
7fbae9cca000-7fbae9cce000 rw-p 00131000 08:05 3154011                    /usr/lib/x86_64-linux-gnu/libX11.so.6.3.0
7fbae9cce000-7fbae9cdf000 r-xp 00000000 08:05 3149478                    /usr/lib/x86_64-linux-gnu/libXext.so.6.4.0
7fbae9cdf000-7fbae9ede000 ---p 00011000 08:05 3149478                    /usr/lib/x86_64-linux-gnu/libXext.so.6.4.0
7fbae9ede000-7fbae9edf000 r--p 00010000 08:05 3149478                    /usr/lib/x86_64-linux-gnu/libXext.so.6.4.0
7fbae9edf000-7fbae9ee0000 rw-p 00011000 08:05 3149478                    /usr/lib/x86_64-linux-gnu/libXext.so.6.4.0
7fbae9ee0000-7fbae9f28000 r-xp 00000000 08:05 3165952                    /usr/lib/jvm/java-7-openjdk-amd64/jre/lib/amd64/xawt/libmawt.so
7fbae9f28000-7fbaea127000 ---p 00048000 08:05 3165952                    /usr/lib/jvm/java-7-openjdk-amd64/jre/lib/amd64/xawt/libmawt.so
7fbaea127000-7fbaea128000 r--p 00047000 08:05 3165952                    /usr/lib/jvm/java-7-openjdk-amd64/jre/lib/amd64/xawt/libmawt.so
7fbaea128000-7fbaea12b000 rw-p 00048000 08:05 3165952                    /usr/lib/jvm/java-7-openjdk-amd64/jre/lib/amd64/xawt/libmawt.so
7fbaea12b000-7fbaea12c000 rw-p 00000000 00:00 0 
7fbaea12c000-7fbaea1cc000 r-xp 00000000 08:05 3165814                    /usr/lib/jvm/java-7-openjdk-amd64/jre/lib/amd64/libawt.so
7fbaea1cc000-7fbaea3cc000 ---p 000a0000 08:05 3165814                    /usr/lib/jvm/java-7-openjdk-amd64/jre/lib/amd64/libawt.so
7fbaea3cc000-7fbaea3cd000 r--p 000a0000 08:05 3165814                    /usr/lib/jvm/java-7-openjdk-amd64/jre/lib/amd64/libawt.so
7fbaea3cd000-7fbaea3d8000 rw-p 000a1000 08:05 3165814                    /usr/lib/jvm/java-7-openjdk-amd64/jre/lib/amd64/libawt.so
7fbaea3d8000-7fbaea3fd000 rw-p 00000000 00:00 0 
7fbaea3fd000-7fbaea3fe000 ---p 00000000 00:00 0 
7fbaea3fe000-7fbaea4fe000 rw-p 00000000 00:00 0                          [stack:8773]
7fbaea4fe000-7fbaeabe0000 r--p 00000000 08:05 3152942                    /usr/lib/locale/locale-archive
7fbaeabe0000-7fbaed000000 rw-p 00000000 00:00 0 
7fbaed000000-7fbaed270000 rwxp 00000000 00:00 0 
7fbaed270000-7fbaf02bf000 rw-p 00000000 00:00 0 
7fbaf02bf000-7fbaf4000000 ---p 00000000 00:00 0 
7fbaf404b000-7fbaf4080000 r--s 00000000 08:05 1180092                    /var/cache/nscd/hosts
7fbaf4080000-7fbaf40b1000 rw-p 00000000 00:00 0 
7fbaf40b1000-7fbaf40d7000 r--p 00000000 08:05 3935381                    /usr/share/locale-langpack/es/LC_MESSAGES/libc.mo
7fbaf40d7000-7fbaf40da000 ---p 00000000 00:00 0 
7fbaf40da000-7fbaf41d8000 rw-p 00000000 00:00 0                          [stack:8772]
7fbaf41d8000-7fbaf41db000 ---p 00000000 00:00 0 
7fbaf41db000-7fbaf42d9000 rw-p 00000000 00:00 0                          [stack:8771]
7fbaf42d9000-7fbaf42dc000 ---p 00000000 00:00 0 
7fbaf42dc000-7fbaf43da000 rw-p 00000000 00:00 0                          [stack:8770]
7fbaf43da000-7fbaf43dd000 ---p 00000000 00:00 0 
7fbaf43dd000-7fbaf44db000 rw-p 00000000 00:00 0                          [stack:8769]
7fbaf44db000-7fbaf44de000 ---p 00000000 00:00 0 
7fbaf44de000-7fbaf45dc000 rw-p 00000000 00:00 0                          [stack:8768]
7fbaf45dc000-7fbaf45df000 ---p 00000000 00:00 0 
7fbaf45df000-7fbaf46dd000 rw-p 00000000 00:00 0                          [stack:8767]
7fbaf46dd000-7fbaf46de000 ---p 00000000 00:00 0 
7fbaf46de000-7fbaf57db000 rw-p 00000000 00:00 0                          [stack:8766]
7fbaf57db000-7fbaf598d000 r--s 01d2e000 08:05 3165802                    /usr/lib/jvm/java-7-openjdk-amd64/jre/lib/rt.jar
7fbaf598d000-7fbaf5ca0000 rw-p 00000000 00:00 0 
7fbaf5ca0000-7fbaf5ca1000 ---p 00000000 00:00 0 
7fbaf5ca1000-7fbaf5da1000 rw-p 00000000 00:00 0                          [stack:8765]
7fbaf5da1000-7fbaf5da2000 ---p 00000000 00:00 0 
7fbaf5da2000-7fbaf5ea2000 rw-p 00000000 00:00 0                          [stack:8764]
7fbaf5ea2000-7fbaf5ea3000 ---p 00000000 00:00 0 
7fbaf5ea3000-7fbaf5fa3000 rw-p 00000000 00:00 0                          [stack:8763]
7fbaf5fa3000-7fbaf5fa4000 ---p 00000000 00:00 0 
7fbaf5fa4000-7fbaf60b9000 rw-p 00000000 00:00 0                          [stack:8762]
7fbaf60b9000-7fbaf61ee000 rw-p 00000000 00:00 0 
7fbaf61ee000-7fbaf61f9000 rw-p 00000000 00:00 0 
7fbaf61f9000-7fbaf6241000 rw-p 00000000 00:00 0 
7fbaf6241000-7fbaf6256000 rw-p 00000000 00:00 0 
7fbaf6256000-7fbaf638b000 rw-p 00000000 00:00 0 
7fbaf638b000-7fbaf6396000 rw-p 00000000 00:00 0 
7fbaf6396000-7fbaf6430000 rw-p 00000000 00:00 0 
7fbaf6430000-7fbaf643b000 rw-p 00000000 00:00 0 
7fbaf643b000-7fbaf64f1000 rw-p 00000000 00:00 0 
7fbaf64f1000-7fbaf64f9000 r-xp 00000000 08:05 3165813                    /usr/lib/jvm/java-7-openjdk-amd64/jre/lib/amd64/libzip.so
7fbaf64f9000-7fbaf66f8000 ---p 00008000 08:05 3165813                    /usr/lib/jvm/java-7-openjdk-amd64/jre/lib/amd64/libzip.so
7fbaf66f8000-7fbaf66f9000 r--p 00007000 08:05 3165813                    /usr/lib/jvm/java-7-openjdk-amd64/jre/lib/amd64/libzip.so
7fbaf66f9000-7fbaf66fa000 rw-p 00008000 08:05 3165813                    /usr/lib/jvm/java-7-openjdk-amd64/jre/lib/amd64/libzip.so
7fbaf66fa000-7fbaf6725000 r-xp 00000000 08:05 3165821                    /usr/lib/jvm/java-7-openjdk-amd64/jre/lib/amd64/libjava.so
7fbaf6725000-7fbaf6925000 ---p 0002b000 08:05 3165821                    /usr/lib/jvm/java-7-openjdk-amd64/jre/lib/amd64/libjava.so
7fbaf6925000-7fbaf6926000 r--p 0002b000 08:05 3165821                    /usr/lib/jvm/java-7-openjdk-amd64/jre/lib/amd64/libjava.so
7fbaf6926000-7fbaf6928000 rw-p 0002c000 08:05 3165821                    /usr/lib/jvm/java-7-openjdk-amd64/jre/lib/amd64/libjava.so
7fbaf6928000-7fbaf6938000 r-xp 00000000 08:05 3165837                    /usr/lib/jvm/java-7-openjdk-amd64/jre/lib/amd64/libverify.so
7fbaf6938000-7fbaf6b37000 ---p 00010000 08:05 3165837                    /usr/lib/jvm/java-7-openjdk-amd64/jre/lib/amd64/libverify.so
7fbaf6b37000-7fbaf6b39000 r--p 0000f000 08:05 3165837                    /usr/lib/jvm/java-7-openjdk-amd64/jre/lib/amd64/libverify.so
7fbaf6b39000-7fbaf6b3a000 rw-p 00011000 08:05 3165837                    /usr/lib/jvm/java-7-openjdk-amd64/jre/lib/amd64/libverify.so
7fbaf6b3a000-7fbaf6b41000 r-xp 00000000 08:05 524390                     /lib/x86_64-linux-gnu/librt-2.19.so
7fbaf6b41000-7fbaf6d40000 ---p 00007000 08:05 524390                     /lib/x86_64-linux-gnu/librt-2.19.so
7fbaf6d40000-7fbaf6d41000 r--p 00006000 08:05 524390                     /lib/x86_64-linux-gnu/librt-2.19.so
7fbaf6d41000-7fbaf6d42000 rw-p 00007000 08:05 524390                     /lib/x86_64-linux-gnu/librt-2.19.so
7fbaf6d42000-7fbaf6d58000 r-xp 00000000 08:05 524592                     /lib/x86_64-linux-gnu/libgcc_s.so.1
7fbaf6d58000-7fbaf6f57000 ---p 00016000 08:05 524592                     /lib/x86_64-linux-gnu/libgcc_s.so.1
7fbaf6f57000-7fbaf6f58000 rw-p 00015000 08:05 524592                     /lib/x86_64-linux-gnu/libgcc_s.so.1
7fbaf6f58000-7fbaf705d000 r-xp 00000000 08:05 524303                     /lib/x86_64-linux-gnu/libm-2.19.so
7fbaf705d000-7fbaf725c000 ---p 00105000 08:05 524303                     /lib/x86_64-linux-gnu/libm-2.19.so
7fbaf725c000-7fbaf725d000 r--p 00104000 08:05 524303                     /lib/x86_64-linux-gnu/libm-2.19.so
7fbaf725d000-7fbaf725e000 rw-p 00105000 08:05 524303                     /lib/x86_64-linux-gnu/libm-2.19.so
7fbaf725e000-7fbaf7344000 r-xp 00000000 08:05 3147969                    /usr/lib/x86_64-linux-gnu/libstdc++.so.6.0.19
7fbaf7344000-7fbaf7543000 ---p 000e6000 08:05 3147969                    /usr/lib/x86_64-linux-gnu/libstdc++.so.6.0.19
7fbaf7543000-7fbaf754b000 r--p 000e5000 08:05 3147969                    /usr/lib/x86_64-linux-gnu/libstdc++.so.6.0.19
7fbaf754b000-7fbaf754d000 rw-p 000ed000 08:05 3147969                    /usr/lib/x86_64-linux-gnu/libstdc++.so.6.0.19
7fbaf754d000-7fbaf7562000 rw-p 00000000 00:00 0 
7fbaf7562000-7fbaf8086000 r-xp 00000000 08:05 3165828                    /usr/lib/jvm/java-7-openjdk-amd64/jre/lib/amd64/server/libjvm.so
7fbaf8086000-7fbaf8286000 ---p 00b24000 08:05 3165828                    /usr/lib/jvm/java-7-openjdk-amd64/jre/lib/amd64/server/libjvm.so
7fbaf8286000-7fbaf8320000 r--p 00b24000 08:05 3165828                    /usr/lib/jvm/java-7-openjdk-amd64/jre/lib/amd64/server/libjvm.so
7fbaf8320000-7fbaf8343000 rw-p 00bbe000 08:05 3165828                    /usr/lib/jvm/java-7-openjdk-amd64/jre/lib/amd64/server/libjvm.so
7fbaf8343000-7fbaf8371000 rw-p 00000000 00:00 0 
7fbaf8371000-7fbaf8389000 r-xp 00000000 08:05 528484                     /lib/x86_64-linux-gnu/libz.so.1.2.8
7fbaf8389000-7fbaf8588000 ---p 00018000 08:05 528484                     /lib/x86_64-linux-gnu/libz.so.1.2.8
7fbaf8588000-7fbaf8589000 r--p 00017000 08:05 528484                     /lib/x86_64-linux-gnu/libz.so.1.2.8
7fbaf8589000-7fbaf858a000 rw-p 00018000 08:05 528484                     /lib/x86_64-linux-gnu/libz.so.1.2.8
7fbaf858a000-7fbaf85a3000 r-xp 00000000 08:05 524388                     /lib/x86_64-linux-gnu/libpthread-2.19.so
7fbaf85a3000-7fbaf87a2000 ---p 00019000 08:05 524388                     /lib/x86_64-linux-gnu/libpthread-2.19.so
7fbaf87a2000-7fbaf87a3000 r--p 00018000 08:05 524388                     /lib/x86_64-linux-gnu/libpthread-2.19.so
7fbaf87a3000-7fbaf87a4000 rw-p 00019000 08:05 524388                     /lib/x86_64-linux-gnu/libpthread-2.19.so
7fbaf87a4000-7fbaf87a8000 rw-p 00000000 00:00 0 
7fbaf87a8000-7fbaf87ab000 r-xp 00000000 08:05 524318                     /lib/x86_64-linux-gnu/libdl-2.19.so
7fbaf87ab000-7fbaf89aa000 ---p 00003000 08:05 524318                     /lib/x86_64-linux-gnu/libdl-2.19.so
7fbaf89aa000-7fbaf89ab000 r--p 00002000 08:05 524318                     /lib/x86_64-linux-gnu/libdl-2.19.so
7fbaf89ab000-7fbaf89ac000 rw-p 00003000 08:05 524318                     /lib/x86_64-linux-gnu/libdl-2.19.so
7fbaf89ac000-7fbaf8b67000 r-xp 00000000 08:05 524387                     /lib/x86_64-linux-gnu/libc-2.19.so
7fbaf8b67000-7fbaf8d66000 ---p 001bb000 08:05 524387                     /lib/x86_64-linux-gnu/libc-2.19.so
7fbaf8d66000-7fbaf8d6a000 r--p 001ba000 08:05 524387                     /lib/x86_64-linux-gnu/libc-2.19.so
7fbaf8d6a000-7fbaf8d6c000 rw-p 001be000 08:05 524387                     /lib/x86_64-linux-gnu/libc-2.19.so
7fbaf8d6c000-7fbaf8d71000 rw-p 00000000 00:00 0 
7fbaf8d71000-7fbaf8d7e000 r-xp 00000000 08:05 3165839                    /usr/lib/jvm/java-7-openjdk-amd64/jre/lib/amd64/jli/libjli.so
7fbaf8d7e000-7fbaf8f7d000 ---p 0000d000 08:05 3165839                    /usr/lib/jvm/java-7-openjdk-amd64/jre/lib/amd64/jli/libjli.so
7fbaf8f7d000-7fbaf8f7e000 r--p 0000c000 08:05 3165839                    /usr/lib/jvm/java-7-openjdk-amd64/jre/lib/amd64/jli/libjli.so
7fbaf8f7e000-7fbaf8f7f000 rw-p 0000d000 08:05 3165839                    /usr/lib/jvm/java-7-openjdk-amd64/jre/lib/amd64/jli/libjli.so
7fbaf8f7f000-7fbaf8fa2000 r-xp 00000000 08:05 524384                     /lib/x86_64-linux-gnu/ld-2.19.so
7fbaf8fa3000-7fbaf8fad000 r--s 000ae000 08:05 3165863                    /usr/lib/jvm/java-7-openjdk-amd64/jre/lib/resources.jar
7fbaf8fad000-7fbaf8fb4000 r--s 00000000 08:05 3413594                    /usr/lib/x86_64-linux-gnu/gconv/gconv-modules.cache
7fbaf8fb4000-7fbaf8fb5000 r--s 00002000 08:05 3165798                    /usr/lib/jvm/java-7-openjdk-amd64/jre/lib/ext/dnsns.jar
7fbaf8fb5000-7fbaf8fff000 rw-p 00000000 00:00 0 
7fbaf8fff000-7fbaf9047000 rw-p 00000000 00:00 0 
7fbaf9047000-7fbaf907c000 r--s 00000000 08:05 1180090                    /var/cache/nscd/passwd
7fbaf907c000-7fbaf907f000 ---p 00000000 00:00 0 
7fbaf907f000-7fbaf9182000 rw-p 00000000 00:00 0                          [stack:8761]
7fbaf9182000-7fbaf9184000 r--s 00006000 08:05 3550585                    /usr/share/java/java-atk-wrapper.jar
7fbaf9184000-7fbaf9187000 r--s 0000f000 08:05 3165795                    /usr/lib/jvm/java-7-openjdk-amd64/jre/lib/ext/icedtea-sound.jar
7fbaf9187000-7fbaf9189000 r--s 00012000 08:05 3165793                    /usr/lib/jvm/java-7-openjdk-amd64/jre/lib/ext/zipfs.jar
7fbaf9189000-7fbaf918d000 r--s 0003c000 08:05 3165797                    /usr/lib/jvm/java-7-openjdk-amd64/jre/lib/ext/sunpkcs11.jar
7fbaf918d000-7fbaf9191000 r--s 00085000 08:05 3165794                    /usr/lib/jvm/java-7-openjdk-amd64/jre/lib/ext/localedata.jar
7fbaf9191000-7fbaf9195000 r--s 00034000 08:05 3165796                    /usr/lib/jvm/java-7-openjdk-amd64/jre/lib/ext/sunjce_provider.jar
7fbaf9195000-7fbaf919d000 rw-s 00000000 08:05 1058070                    /tmp/hsperfdata_jmurillo/8756
7fbaf919d000-7fbaf919e000 rw-p 00000000 00:00 0 
7fbaf919e000-7fbaf919f000 r--p 00000000 00:00 0 
7fbaf919f000-7fbaf91a1000 rw-p 00000000 00:00 0 
7fbaf91a1000-7fbaf91a2000 r--p 00022000 08:05 524384                     /lib/x86_64-linux-gnu/ld-2.19.so
7fbaf91a2000-7fbaf91a3000 rw-p 00023000 08:05 524384                     /lib/x86_64-linux-gnu/ld-2.19.so
7fbaf91a3000-7fbaf91a4000 rw-p 00000000 00:00 0 
7ffc9b4f7000-7ffc9b518000 rw-p 00000000 00:00 0                          [stack]
7ffc9b5ce000-7ffc9b5d0000 r-xp 00000000 00:00 0                          [vdso]
ffffffffff600000-ffffffffff601000 r-xp 00000000 00:00 0                  [vsyscall]

VM Arguments:
jvm_args: -Dfile.encoding=UTF-8 
java_command: model.Ventana2Contra
Launcher Type: SUN_STANDARD

Environment Variables:
PATH=/home/student/jmurillo/bin:/usr/local/sbin:/usr/local/bin:/usr/sbin:/usr/bin:/sbin:/bin:/usr/games:/usr/local/games
SHELL=
DISPLAY=:0.0

Signal Handlers:
SIGSEGV: [libjvm.so+0x9548f0], sa_mask[0]=0x7ffbfeff, sa_flags=0x10000004
SIGBUS: [libjvm.so+0x9548f0], sa_mask[0]=0x7ffbfeff, sa_flags=0x10000004
SIGFPE: [libjvm.so+0x7cb0b0], sa_mask[0]=0x7ffbfeff, sa_flags=0x10000004
SIGPIPE: [libjvm.so+0x7cb0b0], sa_mask[0]=0x7ffbfeff, sa_flags=0x10000004
SIGXFSZ: [libjvm.so+0x7cb0b0], sa_mask[0]=0x7ffbfeff, sa_flags=0x10000004
SIGILL: [libjvm.so+0x7cb0b0], sa_mask[0]=0x7ffbfeff, sa_flags=0x10000004
SIGUSR1: SIG_DFL, sa_mask[0]=0x00000000, sa_flags=0x00000000
SIGUSR2: [libjvm.so+0x7caf50], sa_mask[0]=0x00000004, sa_flags=0x10000004
SIGHUP: [libjvm.so+0x7cb130], sa_mask[0]=0x7ffbfeff, sa_flags=0x10000004
SIGINT: [libjvm.so+0x7cb130], sa_mask[0]=0x7ffbfeff, sa_flags=0x10000004
SIGTERM: [libjvm.so+0x7cb130], sa_mask[0]=0x7ffbfeff, sa_flags=0x10000004
SIGQUIT: [libjvm.so+0x7cb130], sa_mask[0]=0x7ffbfeff, sa_flags=0x10000004
SIGTRAP: SIG_DFL, sa_mask[0]=0x00000000, sa_flags=0x00000000


---------------  S Y S T E M  ---------------

OS:Ubuntu 14.04 (trusty)
uname:Linux 3.13.0-71-generic #114-Ubuntu SMP Tue Dec 1 02:34:22 UTC 2015 x86_64
libc:glibc 2.19 NPTL 2.19 
rlimit: STACK 8192k, CORE 0k, NPROC 31452, NOFILE 4096, AS infinity
load average:14,09 4,28 2,44

/proc/meminfo:
MemTotal:        4047492 kB
MemFree:          650872 kB
Buffers:           12236 kB
Cached:           392640 kB
SwapCached:       177984 kB
Active:          2186584 kB
Inactive:        1011120 kB
Active(anon):    2092624 kB
Inactive(anon):   861632 kB
Active(file):      93960 kB
Inactive(file):   149488 kB
Unevictable:          32 kB
Mlocked:              32 kB
SwapTotal:       4191228 kB
SwapFree:        2733904 kB
Dirty:               880 kB
Writeback:             0 kB
AnonPages:       2666776 kB
Mapped:           213504 kB
Shmem:            161316 kB
Slab:              77856 kB
SReclaimable:      32136 kB
SUnreclaim:        45720 kB
KernelStack:       11760 kB
PageTables:        50336 kB
NFS_Unstable:          0 kB
Bounce:                0 kB
WritebackTmp:          0 kB
CommitLimit:     6214972 kB
Committed_AS:   11498420 kB
VmallocTotal:   34359738367 kB
VmallocUsed:      335184 kB
VmallocChunk:   34359316408 kB
HardwareCorrupted:     0 kB
AnonHugePages:   1789952 kB
HugePages_Total:       0
HugePages_Free:        0
HugePages_Rsvd:        0
HugePages_Surp:        0
Hugepagesize:       2048 kB
DirectMap4k:       91584 kB
DirectMap2M:     4102144 kB


CPU:total 4 (4 cores per cpu, 1 threads per core) family 6 model 23 stepping 10, cmov, cx8, fxsr, mmx, sse, sse2, sse3, ssse3, sse4.1, tsc

/proc/cpuinfo:
processor	: 0
vendor_id	: GenuineIntel
cpu family	: 6
model		: 23
model name	: Intel(R) Core(TM)2 Quad CPU    Q8400  @ 2.66GHz
stepping	: 10
microcode	: 0xa07
cpu MHz		: 2670.000
cache size	: 2048 KB
physical id	: 0
siblings	: 4
core id		: 0
cpu cores	: 4
apicid		: 0
initial apicid	: 0
fpu		: yes
fpu_exception	: yes
cpuid level	: 13
wp		: yes
flags		: fpu vme de pse tsc msr pae mce cx8 apic sep mtrr pge mca cmov pat pse36 clflush dts acpi mmx fxsr sse sse2 ss ht tm pbe syscall nx lm constant_tsc arch_perfmon pebs bts rep_good nopl aperfmperf pni dtes64 monitor ds_cpl vmx est tm2 ssse3 cx16 xtpr pdcm sse4_1 xsave lahf_lm dtherm tpr_shadow vnmi flexpriority
bogomips	: 5332.73
clflush size	: 64
cache_alignment	: 64
address sizes	: 36 bits physical, 48 bits virtual
power management:

processor	: 1
vendor_id	: GenuineIntel
cpu family	: 6
model		: 23
model name	: Intel(R) Core(TM)2 Quad CPU    Q8400  @ 2.66GHz
stepping	: 10
microcode	: 0xa07
cpu MHz		: 2670.000
cache size	: 2048 KB
physical id	: 0
siblings	: 4
core id		: 1
cpu cores	: 4
apicid		: 1
initial apicid	: 1
fpu		: yes
fpu_exception	: yes
cpuid level	: 13
wp		: yes
flags		: fpu vme de pse tsc msr pae mce cx8 apic sep mtrr pge mca cmov pat pse36 clflush dts acpi mmx fxsr sse sse2 ss ht tm pbe syscall nx lm constant_tsc arch_perfmon pebs bts rep_good nopl aperfmperf pni dtes64 monitor ds_cpl vmx est tm2 ssse3 cx16 xtpr pdcm sse4_1 xsave lahf_lm dtherm tpr_shadow vnmi flexpriority
bogomips	: 5332.73
clflush size	: 64
cache_alignment	: 64
address sizes	: 36 bits physical, 48 bits virtual
power management:

processor	: 2
vendor_id	: GenuineIntel
cpu family	: 6
model		: 23
model name	: Intel(R) Core(TM)2 Quad CPU    Q8400  @ 2.66GHz
stepping	: 10
microcode	: 0xa07
cpu MHz		: 2670.000
cache size	: 2048 KB
physical id	: 0
siblings	: 4
core id		: 2
cpu cores	: 4
apicid		: 2
initial apicid	: 2
fpu		: yes
fpu_exception	: yes
cpuid level	: 13
wp		: yes
flags		: fpu vme de pse tsc msr pae mce cx8 apic sep mtrr pge mca cmov pat pse36 clflush dts acpi mmx fxsr sse sse2 ss ht tm pbe syscall nx lm constant_tsc arch_perfmon pebs bts rep_good nopl aperfmperf pni dtes64 monitor ds_cpl vmx est tm2 ssse3 cx16 xtpr pdcm sse4_1 xsave lahf_lm dtherm tpr_shadow vnmi flexpriority
bogomips	: 5332.73
clflush size	: 64
cache_alignment	: 64
address sizes	: 36 bits physical, 48 bits virtual
power management:

processor	: 3
vendor_id	: GenuineIntel
cpu family	: 6
model		: 23
model name	: Intel(R) Core(TM)2 Quad CPU    Q8400  @ 2.66GHz
stepping	: 10
microcode	: 0xa07
cpu MHz		: 2670.000
cache size	: 2048 KB
physical id	: 0
siblings	: 4
core id		: 3
cpu cores	: 4
apicid		: 3
initial apicid	: 3
fpu		: yes
fpu_exception	: yes
cpuid level	: 13
wp		: yes
flags		: fpu vme de pse tsc msr pae mce cx8 apic sep mtrr pge mca cmov pat pse36 clflush dts acpi mmx fxsr sse sse2 ss ht tm pbe syscall nx lm constant_tsc arch_perfmon pebs bts rep_good nopl aperfmperf pni dtes64 monitor ds_cpl vmx est tm2 ssse3 cx16 xtpr pdcm sse4_1 xsave lahf_lm dtherm tpr_shadow vnmi flexpriority
bogomips	: 5332.73
clflush size	: 64
cache_alignment	: 64
address sizes	: 36 bits physical, 48 bits virtual
power management:



Memory: 4k page, physical 4047492k(650872k free), swap 4191228k(2733904k free)

vm_info: OpenJDK 64-Bit Server VM (24.91-b01) for linux-amd64 JRE (1.7.0_91-b02), built on Nov 19 2015 06:14:37 by "buildd" with gcc 4.8.2

time: Tue May 17 14:06:59 2016
elapsed time: 1710 seconds

